-------------------------------------------------------------------------------
Test set: com.app.dao.impl.AccountTest
-------------------------------------------------------------------------------
Tests run: 1, Failures: 0, Errors: 1, Skipped: 0, Time elapsed: 0.02 s <<< FAILURE! - in com.app.dao.impl.AccountTest
com.app.dao.impl.AccountTest  Time elapsed: 0.018 s  <<< ERROR!
org.junit.platform.commons.JUnitException: @BeforeAll method 'void com.app.dao.impl.AccountTest.setupAll()' must be static unless the test class is annotated with @TestInstance(Lifecycle.PER_CLASS).

