-------------------------------------------------------------------------------
Test set: com.app.dao.impl.EmployeeCrudDAOImplTest
-------------------------------------------------------------------------------
Tests run: 1, Failures: 1, Errors: 0, Skipped: 0, Time elapsed: 0.002 s <<< FAILURE! - in com.app.dao.impl.EmployeeCrudDAOImplTest
test  Time elapsed: 0.001 s  <<< FAILURE!
org.opentest4j.AssertionFailedError: Not yet implemented
	at com.app.dao.impl.EmployeeCrudDAOImplTest.test(EmployeeCrudDAOImplTest.java:21)

