-------------------------------------------------------------------------------
Test set: com.app.dao.impl.ClientTest
-------------------------------------------------------------------------------
Tests run: 1, Failures: 0, Errors: 1, Skipped: 0, Time elapsed: 0.001 s <<< FAILURE! - in com.app.dao.impl.ClientTest
com.app.dao.impl.ClientTest  Time elapsed: 0 s  <<< ERROR!
org.junit.platform.commons.JUnitException: @BeforeAll method 'void com.app.dao.impl.ClientTest.setupAll()' must be static unless the test class is annotated with @TestInstance(Lifecycle.PER_CLASS).

